Analysis & Synthesis report for sad
Mon Sep 06 17:03:36 2021
Quartus Prime Version 20.1.1 Build 720 11/11/2020 SJ Lite Edition


---------------------
; Table of Contents ;
---------------------
  1. Legal Notice
  2. Analysis & Synthesis Summary
  3. Analysis & Synthesis Settings
  4. Parallel Compilation
  5. Analysis & Synthesis Source Files Read
  6. Analysis & Synthesis Resource Usage Summary
  7. Analysis & Synthesis Resource Utilization by Entity
  8. State Machine - |sad|controller:ctl|state
  9. Registers Removed During Synthesis
 10. General Register Statistics
 11. Multiplexer Restructuring Statistics (Restructuring Performed)
 12. Port Connectivity Checks: "datapath:dth|sumB:smB"
 13. Port Connectivity Checks: "datapath:dth|AB_abs:abab"
 14. Post-Synthesis Netlist Statistics for Top Partition
 15. Elapsed Time Per Partition
 16. Analysis & Synthesis Messages



----------------
; Legal Notice ;
----------------
Copyright (C) 2020  Intel Corporation. All rights reserved.
Your use of Intel Corporation's design tools, logic functions 
and other software and tools, and any partner logic 
functions, and any output files from any of the foregoing 
(including device programming or simulation files), and any 
associated documentation or information are expressly subject 
to the terms and conditions of the Intel Program License 
Subscription Agreement, the Intel Quartus Prime License Agreement,
the Intel FPGA IP License Agreement, or other applicable license
agreement, including, without limitation, that your use is for
the sole purpose of programming logic devices manufactured by
Intel and sold by Intel or its authorized distributors.  Please
refer to the applicable agreement for further details, at
https://fpgasoftware.intel.com/eula.



+-------------------------------------------------------------------------------+
; Analysis & Synthesis Summary                                                  ;
+---------------------------------+---------------------------------------------+
; Analysis & Synthesis Status     ; Successful - Mon Sep 06 17:03:36 2021       ;
; Quartus Prime Version           ; 20.1.1 Build 720 11/11/2020 SJ Lite Edition ;
; Revision Name                   ; sad                                         ;
; Top-level Entity Name           ; sad                                         ;
; Family                          ; Cyclone V                                   ;
; Logic utilization (in ALMs)     ; N/A                                         ;
; Total registers                 ; 78                                          ;
; Total pins                      ; 61                                          ;
; Total virtual pins              ; 0                                           ;
; Total block memory bits         ; 0                                           ;
; Total DSP Blocks                ; 0                                           ;
; Total HSSI RX PCSs              ; 0                                           ;
; Total HSSI PMA RX Deserializers ; 0                                           ;
; Total HSSI TX PCSs              ; 0                                           ;
; Total HSSI PMA TX Serializers   ; 0                                           ;
; Total PLLs                      ; 0                                           ;
; Total DLLs                      ; 0                                           ;
+---------------------------------+---------------------------------------------+


+---------------------------------------------------------------------------------------------------------------------------+
; Analysis & Synthesis Settings                                                                                             ;
+---------------------------------------------------------------------------------+--------------------+--------------------+
; Option                                                                          ; Setting            ; Default Value      ;
+---------------------------------------------------------------------------------+--------------------+--------------------+
; Device                                                                          ; 5CGXFC7C7F23C8     ;                    ;
; Top-level entity name                                                           ; sad                ; sad                ;
; Family name                                                                     ; Cyclone V          ; Cyclone V          ;
; Use smart compilation                                                           ; Off                ; Off                ;
; Enable parallel Assembler and Timing Analyzer during compilation                ; On                 ; On                 ;
; Enable compact report table                                                     ; Off                ; Off                ;
; Restructure Multiplexers                                                        ; Auto               ; Auto               ;
; MLAB Add Timing Constraints For Mixed-Port Feed-Through Mode Setting Don't Care ; Off                ; Off                ;
; Create Debugging Nodes for IP Cores                                             ; Off                ; Off                ;
; Preserve fewer node names                                                       ; On                 ; On                 ;
; Intel FPGA IP Evaluation Mode                                                   ; Enable             ; Enable             ;
; Verilog Version                                                                 ; Verilog_2001       ; Verilog_2001       ;
; VHDL Version                                                                    ; VHDL_1993          ; VHDL_1993          ;
; State Machine Processing                                                        ; Auto               ; Auto               ;
; Safe State Machine                                                              ; Off                ; Off                ;
; Extract Verilog State Machines                                                  ; On                 ; On                 ;
; Extract VHDL State Machines                                                     ; On                 ; On                 ;
; Ignore Verilog initial constructs                                               ; Off                ; Off                ;
; Iteration limit for constant Verilog loops                                      ; 5000               ; 5000               ;
; Iteration limit for non-constant Verilog loops                                  ; 250                ; 250                ;
; Add Pass-Through Logic to Inferred RAMs                                         ; On                 ; On                 ;
; Infer RAMs from Raw Logic                                                       ; On                 ; On                 ;
; Parallel Synthesis                                                              ; On                 ; On                 ;
; DSP Block Balancing                                                             ; Auto               ; Auto               ;
; NOT Gate Push-Back                                                              ; On                 ; On                 ;
; Power-Up Don't Care                                                             ; On                 ; On                 ;
; Remove Redundant Logic Cells                                                    ; Off                ; Off                ;
; Remove Duplicate Registers                                                      ; On                 ; On                 ;
; Ignore CARRY Buffers                                                            ; Off                ; Off                ;
; Ignore CASCADE Buffers                                                          ; Off                ; Off                ;
; Ignore GLOBAL Buffers                                                           ; Off                ; Off                ;
; Ignore ROW GLOBAL Buffers                                                       ; Off                ; Off                ;
; Ignore LCELL Buffers                                                            ; Off                ; Off                ;
; Ignore SOFT Buffers                                                             ; On                 ; On                 ;
; Limit AHDL Integers to 32 Bits                                                  ; Off                ; Off                ;
; Optimization Technique                                                          ; Balanced           ; Balanced           ;
; Carry Chain Length                                                              ; 70                 ; 70                 ;
; Auto Carry Chains                                                               ; On                 ; On                 ;
; Auto Open-Drain Pins                                                            ; On                 ; On                 ;
; Perform WYSIWYG Primitive Resynthesis                                           ; Off                ; Off                ;
; Auto ROM Replacement                                                            ; On                 ; On                 ;
; Auto RAM Replacement                                                            ; On                 ; On                 ;
; Auto DSP Block Replacement                                                      ; On                 ; On                 ;
; Auto Shift Register Replacement                                                 ; Auto               ; Auto               ;
; Allow Shift Register Merging across Hierarchies                                 ; Auto               ; Auto               ;
; Auto Clock Enable Replacement                                                   ; On                 ; On                 ;
; Strict RAM Replacement                                                          ; Off                ; Off                ;
; Allow Synchronous Control Signals                                               ; On                 ; On                 ;
; Force Use of Synchronous Clear Signals                                          ; Off                ; Off                ;
; Auto Resource Sharing                                                           ; Off                ; Off                ;
; Allow Any RAM Size For Recognition                                              ; Off                ; Off                ;
; Allow Any ROM Size For Recognition                                              ; Off                ; Off                ;
; Allow Any Shift Register Size For Recognition                                   ; Off                ; Off                ;
; Use LogicLock Constraints during Resource Balancing                             ; On                 ; On                 ;
; Ignore translate_off and synthesis_off directives                               ; Off                ; Off                ;
; Timing-Driven Synthesis                                                         ; On                 ; On                 ;
; Report Parameter Settings                                                       ; On                 ; On                 ;
; Report Source Assignments                                                       ; On                 ; On                 ;
; Report Connectivity Checks                                                      ; On                 ; On                 ;
; Ignore Maximum Fan-Out Assignments                                              ; Off                ; Off                ;
; Synchronization Register Chain Length                                           ; 3                  ; 3                  ;
; Power Optimization During Synthesis                                             ; Normal compilation ; Normal compilation ;
; HDL message level                                                               ; Level2             ; Level2             ;
; Suppress Register Optimization Related Messages                                 ; Off                ; Off                ;
; Number of Removed Registers Reported in Synthesis Report                        ; 5000               ; 5000               ;
; Number of Swept Nodes Reported in Synthesis Report                              ; 5000               ; 5000               ;
; Number of Inverted Registers Reported in Synthesis Report                       ; 100                ; 100                ;
; Clock MUX Protection                                                            ; On                 ; On                 ;
; Auto Gated Clock Conversion                                                     ; Off                ; Off                ;
; Block Design Naming                                                             ; Auto               ; Auto               ;
; SDC constraint protection                                                       ; Off                ; Off                ;
; Synthesis Effort                                                                ; Auto               ; Auto               ;
; Shift Register Replacement - Allow Asynchronous Clear Signal                    ; On                 ; On                 ;
; Pre-Mapping Resynthesis Optimization                                            ; Off                ; Off                ;
; Analysis & Synthesis Message Level                                              ; Medium             ; Medium             ;
; Disable Register Merging Across Hierarchies                                     ; Auto               ; Auto               ;
; Resource Aware Inference For Block RAM                                          ; On                 ; On                 ;
; Automatic Parallel Synthesis                                                    ; On                 ; On                 ;
; Partial Reconfiguration Bitstream ID                                            ; Off                ; Off                ;
+---------------------------------------------------------------------------------+--------------------+--------------------+


+------------------------------------------+
; Parallel Compilation                     ;
+----------------------------+-------------+
; Processors                 ; Number      ;
+----------------------------+-------------+
; Number detected on machine ; 8           ;
; Maximum allowed            ; 4           ;
;                            ;             ;
; Average used               ; 1.00        ;
; Maximum used               ; 4           ;
;                            ;             ;
; Usage by Processor         ; % Time Used ;
;     Processor 1            ; 100.0%      ;
;     Processors 2-4         ;   0.0%      ;
+----------------------------+-------------+


+----------------------------------------------------------------------------------------------------------------------------------------------------------+
; Analysis & Synthesis Source Files Read                                                                                                                   ;
+----------------------------------+-----------------+------------------------------+------------------------------------------------------------+---------+
; File Name with User-Entered Path ; Used in Netlist ; File Type                    ; File Name with Absolute Path                               ; Library ;
+----------------------------------+-----------------+------------------------------+------------------------------------------------------------+---------+
; sumR.sv                          ; yes             ; User SystemVerilog HDL File  ; C:/Users/ivand/Desktop/Multiprocesadores/SAD/sumR.sv       ;         ;
; sumB.sv                          ; yes             ; User SystemVerilog HDL File  ; C:/Users/ivand/Desktop/Multiprocesadores/SAD/sumB.sv       ;         ;
; sadR.sv                          ; yes             ; User SystemVerilog HDL File  ; C:/Users/ivand/Desktop/Multiprocesadores/SAD/sadR.sv       ;         ;
; sad.sv                           ; yes             ; User SystemVerilog HDL File  ; C:/Users/ivand/Desktop/Multiprocesadores/SAD/sad.sv        ;         ;
; icounter.sv                      ; yes             ; User SystemVerilog HDL File  ; C:/Users/ivand/Desktop/Multiprocesadores/SAD/icounter.sv   ;         ;
; datapath.sv                      ; yes             ; User SystemVerilog HDL File  ; C:/Users/ivand/Desktop/Multiprocesadores/SAD/datapath.sv   ;         ;
; controller.sv                    ; yes             ; User SystemVerilog HDL File  ; C:/Users/ivand/Desktop/Multiprocesadores/SAD/controller.sv ;         ;
; cmp.sv                           ; yes             ; User SystemVerilog HDL File  ; C:/Users/ivand/Desktop/Multiprocesadores/SAD/cmp.sv        ;         ;
; AB_abs.sv                        ; yes             ; User SystemVerilog HDL File  ; C:/Users/ivand/Desktop/Multiprocesadores/SAD/AB_abs.sv     ;         ;
+----------------------------------+-----------------+------------------------------+------------------------------------------------------------+---------+


+---------------------------------------------------------+
; Analysis & Synthesis Resource Usage Summary             ;
+---------------------------------------------+-----------+
; Resource                                    ; Usage     ;
+---------------------------------------------+-----------+
; Estimate of Logic utilization (ALMs needed) ; 40        ;
;                                             ;           ;
; Combinational ALUT usage for logic          ; 49        ;
;     -- 7 input functions                    ; 0         ;
;     -- 6 input functions                    ; 0         ;
;     -- 5 input functions                    ; 0         ;
;     -- 4 input functions                    ; 1         ;
;     -- <=3 input functions                  ; 48        ;
;                                             ;           ;
; Dedicated logic registers                   ; 78        ;
;                                             ;           ;
; I/O pins                                    ; 61        ;
;                                             ;           ;
; Total DSP Blocks                            ; 0         ;
;                                             ;           ;
; Maximum fan-out node                        ; clk~input ;
; Maximum fan-out                             ; 78        ;
; Total fan-out                               ; 510       ;
; Average fan-out                             ; 2.05      ;
+---------------------------------------------+-----------+


+-----------------------------------------------------------------------------------------------------------------------------------------------------------------------------------------------------+
; Analysis & Synthesis Resource Utilization by Entity                                                                                                                                                 ;
+----------------------------+---------------------+---------------------------+-------------------+------------+------+--------------+----------------------------------+-------------+--------------+
; Compilation Hierarchy Node ; Combinational ALUTs ; Dedicated Logic Registers ; Block Memory Bits ; DSP Blocks ; Pins ; Virtual Pins ; Full Hierarchy Name              ; Entity Name ; Library Name ;
+----------------------------+---------------------+---------------------------+-------------------+------------+------+--------------+----------------------------------+-------------+--------------+
; |sad                       ; 49 (0)              ; 78 (0)                    ; 0                 ; 0          ; 61   ; 0            ; |sad                             ;             ;              ;
;    |controller:ctl|        ; 5 (5)               ; 5 (5)                     ; 0                 ; 0          ; 0    ; 0            ; |sad|controller:ctl              ; controller  ; work         ;
;    |datapath:dth|          ; 44 (0)              ; 73 (0)                    ; 0                 ; 0          ; 0    ; 0            ; |sad|datapath:dth                ; datapath    ; work         ;
;       |icounter:count|     ; 11 (11)             ; 9 (9)                     ; 0                 ; 0          ; 0    ; 0            ; |sad|datapath:dth|icounter:count ; icounter    ; work         ;
;       |sadR:saR|           ; 1 (1)               ; 32 (32)                   ; 0                 ; 0          ; 0    ; 0            ; |sad|datapath:dth|sadR:saR       ; sadR        ; work         ;
;       |sumB:smB|           ; 32 (32)             ; 0 (0)                     ; 0                 ; 0          ; 0    ; 0            ; |sad|datapath:dth|sumB:smB       ; sumB        ; work         ;
;       |sumR:smR|           ; 0 (0)               ; 32 (32)                   ; 0                 ; 0          ; 0    ; 0            ; |sad|datapath:dth|sumR:smR       ; sumR        ; work         ;
+----------------------------+---------------------+---------------------------+-------------------+------------+------+--------------+----------------------------------+-------------+--------------+
Note: For table entries with two numbers listed, the numbers in parentheses indicate the number of resources of the given type used by the specific entity alone. The numbers listed outside of parentheses indicate the total resources of the given type used by the specific entity and all of its sub-entities in the hierarchy.


Encoding Type:  One-Hot
+-----------------------------------------------------------------+
; State Machine - |sad|controller:ctl|state                       ;
+----------+----------+----------+----------+----------+----------+
; Name     ; state.S3 ; state.S2 ; state.S1 ; state.S0 ; state.S4 ;
+----------+----------+----------+----------+----------+----------+
; state.S0 ; 0        ; 0        ; 0        ; 0        ; 0        ;
; state.S1 ; 0        ; 0        ; 1        ; 1        ; 0        ;
; state.S2 ; 0        ; 1        ; 0        ; 1        ; 0        ;
; state.S3 ; 1        ; 0        ; 0        ; 1        ; 0        ;
; state.S4 ; 0        ; 0        ; 0        ; 1        ; 1        ;
+----------+----------+----------+----------+----------+----------+


+------------------------------------------------------------+
; Registers Removed During Synthesis                         ;
+---------------------------------------+--------------------+
; Register name                         ; Reason for Removal ;
+---------------------------------------+--------------------+
; controller:ctl|state~2                ; Lost fanout        ;
; controller:ctl|state~3                ; Lost fanout        ;
; Total Number of Removed Registers = 2 ;                    ;
+---------------------------------------+--------------------+


+------------------------------------------------------+
; General Register Statistics                          ;
+----------------------------------------------+-------+
; Statistic                                    ; Value ;
+----------------------------------------------+-------+
; Total registers                              ; 78    ;
; Number of registers using Synchronous Clear  ; 74    ;
; Number of registers using Synchronous Load   ; 0     ;
; Number of registers using Asynchronous Clear ; 0     ;
; Number of registers using Asynchronous Load  ; 0     ;
; Number of registers using Clock Enable       ; 73    ;
; Number of registers using Preset             ; 0     ;
+----------------------------------------------+-------+


+-----------------------------------------------------------------------------------------------------------------------------------------------------------+
; Multiplexer Restructuring Statistics (Restructuring Performed)                                                                                            ;
+--------------------+-----------+---------------+----------------------+------------------------+------------+---------------------------------------------+
; Multiplexer Inputs ; Bus Width ; Baseline Area ; Area if Restructured ; Saving if Restructured ; Registered ; Example Multiplexer Output                  ;
+--------------------+-----------+---------------+----------------------+------------------------+------------+---------------------------------------------+
; 3:1                ; 41 bits   ; 82 LEs        ; 0 LEs                ; 82 LEs                 ; Yes        ; |sad|datapath:dth|icounter:count|AB_addr[4] ;
; 3:1                ; 32 bits   ; 64 LEs        ; 0 LEs                ; 64 LEs                 ; Yes        ; |sad|datapath:dth|sadR:saR|sad[27]          ;
; 3:1                ; 2 bits    ; 4 LEs         ; 4 LEs                ; 0 LEs                  ; No         ; |sad|controller:ctl|state                   ;
+--------------------+-----------+---------------+----------------------+------------------------+------------+---------------------------------------------+


+-----------------------------------------------------------------------------------------------------------------------------------------------------------------------+
; Port Connectivity Checks: "datapath:dth|sumB:smB"                                                                                                                     ;
+------+-------+----------+---------------------------------------------------------------------------------------------------------------------------------------------+
; Port ; Type  ; Severity ; Details                                                                                                                                     ;
+------+-------+----------+---------------------------------------------------------------------------------------------------------------------------------------------+
; abs  ; Input ; Warning  ; Input port expression (1 bits) is smaller than the input port (8 bits) it drives.  Extra input bit(s) "abs[7..1]" will be connected to GND. ;
+------+-------+----------+---------------------------------------------------------------------------------------------------------------------------------------------+


+---------------------------------------------------------------------------------------------------------------------------------------------------+
; Port Connectivity Checks: "datapath:dth|AB_abs:abab"                                                                                              ;
+------+--------+----------+------------------------------------------------------------------------------------------------------------------------+
; Port ; Type   ; Severity ; Details                                                                                                                ;
+------+--------+----------+------------------------------------------------------------------------------------------------------------------------+
; abs  ; Output ; Warning  ; Output or bidir port (8 bits) is wider than the port expression (1 bits) it drives; bit(s) "abs[7..1]" have no fanouts ;
+------+--------+----------+------------------------------------------------------------------------------------------------------------------------+


+-----------------------------------------------------+
; Post-Synthesis Netlist Statistics for Top Partition ;
+-----------------------+-----------------------------+
; Type                  ; Count                       ;
+-----------------------+-----------------------------+
; arriav_ff             ; 78                          ;
;     ENA SCLR          ; 73                          ;
;     SCLR              ; 1                           ;
;     plain             ; 4                           ;
; arriav_lcell_comb     ; 49                          ;
;     arith             ; 41                          ;
;         1 data inputs ; 40                          ;
;         3 data inputs ; 1                           ;
;     normal            ; 8                           ;
;         2 data inputs ; 3                           ;
;         3 data inputs ; 4                           ;
;         4 data inputs ; 1                           ;
; boundary_port         ; 61                          ;
;                       ;                             ;
; Max LUT depth         ; 4.10                        ;
; Average LUT depth     ; 2.06                        ;
+-----------------------+-----------------------------+


+-------------------------------+
; Elapsed Time Per Partition    ;
+----------------+--------------+
; Partition Name ; Elapsed Time ;
+----------------+--------------+
; Top            ; 00:00:00     ;
+----------------+--------------+


+-------------------------------+
; Analysis & Synthesis Messages ;
+-------------------------------+
Info: *******************************************************************
Info: Running Quartus Prime Analysis & Synthesis
    Info: Version 20.1.1 Build 720 11/11/2020 SJ Lite Edition
    Info: Processing started: Mon Sep 06 17:03:23 2021
Info: Command: quartus_map --read_settings_files=on --write_settings_files=off sad -c sad
Warning (18236): Number of processors has not been specified which may cause overloading on shared machines.  Set the global assignment NUM_PARALLEL_PROCESSORS in your QSF to an appropriate value for best performance.
Info (20030): Parallel compilation is enabled and will use 4 of the 4 processors detected
Info (12021): Found 1 design units, including 1 entities, in source file sumr.sv
    Info (12023): Found entity 1: sumR File: C:/Users/ivand/Desktop/Multiprocesadores/SAD/sumR.sv Line: 1
Info (12021): Found 1 design units, including 1 entities, in source file sumb.sv
    Info (12023): Found entity 1: sumB File: C:/Users/ivand/Desktop/Multiprocesadores/SAD/sumB.sv Line: 1
Info (12021): Found 1 design units, including 1 entities, in source file sadr.sv
    Info (12023): Found entity 1: sadR File: C:/Users/ivand/Desktop/Multiprocesadores/SAD/sadR.sv Line: 1
Info (12021): Found 1 design units, including 1 entities, in source file sad_fin_tb.sv
    Info (12023): Found entity 1: Sad_fin_tb File: C:/Users/ivand/Desktop/Multiprocesadores/SAD/Sad_fin_tb.sv Line: 1
Info (12021): Found 1 design units, including 1 entities, in source file sad.sv
    Info (12023): Found entity 1: sad File: C:/Users/ivand/Desktop/Multiprocesadores/SAD/sad.sv Line: 1
Info (12021): Found 1 design units, including 1 entities, in source file icounter.sv
    Info (12023): Found entity 1: icounter File: C:/Users/ivand/Desktop/Multiprocesadores/SAD/icounter.sv Line: 1
Info (12021): Found 1 design units, including 1 entities, in source file datapath.sv
    Info (12023): Found entity 1: datapath File: C:/Users/ivand/Desktop/Multiprocesadores/SAD/datapath.sv Line: 1
Info (12021): Found 1 design units, including 1 entities, in source file controller.sv
    Info (12023): Found entity 1: controller File: C:/Users/ivand/Desktop/Multiprocesadores/SAD/controller.sv Line: 12
Info (12021): Found 1 design units, including 1 entities, in source file cmp.sv
    Info (12023): Found entity 1: cmp File: C:/Users/ivand/Desktop/Multiprocesadores/SAD/cmp.sv Line: 1
Info (12021): Found 1 design units, including 1 entities, in source file ab_abs.sv
    Info (12023): Found entity 1: AB_abs File: C:/Users/ivand/Desktop/Multiprocesadores/SAD/AB_abs.sv Line: 1
Warning (10236): Verilog HDL Implicit Net warning at datapath.sv(24): created implicit net for "abs" File: C:/Users/ivand/Desktop/Multiprocesadores/SAD/datapath.sv Line: 24
Info (12127): Elaborating entity "sad" for the top level hierarchy
Info (12128): Elaborating entity "controller" for hierarchy "controller:ctl" File: C:/Users/ivand/Desktop/Multiprocesadores/SAD/sad.sv Line: 24
Warning (10270): Verilog HDL Case Statement warning at controller.sv(62): incomplete case statement has no default case item File: C:/Users/ivand/Desktop/Multiprocesadores/SAD/controller.sv Line: 62
Info (10264): Verilog HDL Case Statement information at controller.sv(62): all case item expressions in this case statement are onehot File: C:/Users/ivand/Desktop/Multiprocesadores/SAD/controller.sv Line: 62
Info (12128): Elaborating entity "datapath" for hierarchy "datapath:dth" File: C:/Users/ivand/Desktop/Multiprocesadores/SAD/sad.sv Line: 30
Info (12128): Elaborating entity "icounter" for hierarchy "datapath:dth|icounter:count" File: C:/Users/ivand/Desktop/Multiprocesadores/SAD/datapath.sv Line: 17
Info (12128): Elaborating entity "cmp" for hierarchy "datapath:dth|cmp:comp" File: C:/Users/ivand/Desktop/Multiprocesadores/SAD/datapath.sv Line: 20
Info (12128): Elaborating entity "AB_abs" for hierarchy "datapath:dth|AB_abs:abab" File: C:/Users/ivand/Desktop/Multiprocesadores/SAD/datapath.sv Line: 24
Info (12128): Elaborating entity "sumB" for hierarchy "datapath:dth|sumB:smB" File: C:/Users/ivand/Desktop/Multiprocesadores/SAD/datapath.sv Line: 29
Info (12128): Elaborating entity "sumR" for hierarchy "datapath:dth|sumR:smR" File: C:/Users/ivand/Desktop/Multiprocesadores/SAD/datapath.sv Line: 30
Info (12128): Elaborating entity "sadR" for hierarchy "datapath:dth|sadR:saR" File: C:/Users/ivand/Desktop/Multiprocesadores/SAD/datapath.sv Line: 33
Warning (12241): 2 hierarchies have connectivity warnings - see the Connectivity Checks report folder
Info (286030): Timing-Driven Synthesis is running
Info (17049): 2 registers lost all their fanouts during netlist optimizations.
Info (16010): Generating hard_block partition "hard_block:auto_generated_inst"
    Info (16011): Adding 0 node(s), including 0 DDIO, 0 PLL, 0 transceiver and 0 LCELL
Warning (21074): Design contains 14 input pin(s) that do not drive logic
    Warning (15610): No output dependent on input pin "A_data[7]" File: C:/Users/ivand/Desktop/Multiprocesadores/SAD/sad.sv Line: 5
    Warning (15610): No output dependent on input pin "A_data[6]" File: C:/Users/ivand/Desktop/Multiprocesadores/SAD/sad.sv Line: 5
    Warning (15610): No output dependent on input pin "A_data[5]" File: C:/Users/ivand/Desktop/Multiprocesadores/SAD/sad.sv Line: 5
    Warning (15610): No output dependent on input pin "A_data[4]" File: C:/Users/ivand/Desktop/Multiprocesadores/SAD/sad.sv Line: 5
    Warning (15610): No output dependent on input pin "A_data[3]" File: C:/Users/ivand/Desktop/Multiprocesadores/SAD/sad.sv Line: 5
    Warning (15610): No output dependent on input pin "A_data[2]" File: C:/Users/ivand/Desktop/Multiprocesadores/SAD/sad.sv Line: 5
    Warning (15610): No output dependent on input pin "A_data[1]" File: C:/Users/ivand/Desktop/Multiprocesadores/SAD/sad.sv Line: 5
    Warning (15610): No output dependent on input pin "B_data[7]" File: C:/Users/ivand/Desktop/Multiprocesadores/SAD/sad.sv Line: 6
    Warning (15610): No output dependent on input pin "B_data[6]" File: C:/Users/ivand/Desktop/Multiprocesadores/SAD/sad.sv Line: 6
    Warning (15610): No output dependent on input pin "B_data[5]" File: C:/Users/ivand/Desktop/Multiprocesadores/SAD/sad.sv Line: 6
    Warning (15610): No output dependent on input pin "B_data[4]" File: C:/Users/ivand/Desktop/Multiprocesadores/SAD/sad.sv Line: 6
    Warning (15610): No output dependent on input pin "B_data[3]" File: C:/Users/ivand/Desktop/Multiprocesadores/SAD/sad.sv Line: 6
    Warning (15610): No output dependent on input pin "B_data[2]" File: C:/Users/ivand/Desktop/Multiprocesadores/SAD/sad.sv Line: 6
    Warning (15610): No output dependent on input pin "B_data[1]" File: C:/Users/ivand/Desktop/Multiprocesadores/SAD/sad.sv Line: 6
Info (21057): Implemented 142 device resources after synthesis - the final resource count might be different
    Info (21058): Implemented 19 input pins
    Info (21059): Implemented 42 output pins
    Info (21061): Implemented 81 logic cells
Info: Quartus Prime Analysis & Synthesis was successful. 0 errors, 19 warnings
    Info: Peak virtual memory: 4832 megabytes
    Info: Processing ended: Mon Sep 06 17:03:36 2021
    Info: Elapsed time: 00:00:13
    Info: Total CPU time (on all processors): 00:00:30


